# JRE version: OpenJDK Runtime Environment Temurin-17.0.3+7 (17.0.3+7) (build 17.0.3+7)
# Java VM: OpenJDK 64-Bit Server VM Temurin-17.0.3+7 (17.0.3+7, mixed mode, sharing, tiered, compressed oops, compressed class ptrs, g1 gc, windows-amd64)
GC Precious Log:
 CPUs: 20 total, 20 available
 Memory: 16108M
 Large Page Support: Disabled
 NUMA Support: Disabled
 Compressed Oops: Enabled (Zero based)
 Heap Region Size: 2M
 Heap Min Capacity: 512M
 Heap Initial Capacity: 512M
 Heap Max Capacity: 4072M
 Pre-touch: Disabled
 Parallel Workers: 15
 Concurrent Workers: 4
 Concurrent Refinement Workers: 15
 Periodic GC: Disabled
 String Deduplication is enabled
Heap:
 garbage-first heap   total 524288K, used 151742K [0x0000000701800000, 0x0000000800000000)
  region size 2048K, 29 young (59392K), 2 survivors (4096K)
 Metaspace       used 90987K, committed 91584K, reserved 1130496K
  class space    used 12679K, committed 12992K, reserved 1048576K
GC Heap History (20 events):
Event: 6227.805 GC heap before
{Heap before GC invocations=392 (full 4):
 garbage-first heap   total 524288K, used 168752K [0x0000000701800000, 0x0000000800000000)
  region size 2048K, 40 young (81920K), 1 survivors (2048K)
 Metaspace       used 89914K, committed 90496K, reserved 1130496K
  class space    used 12559K, committed 12928K, reserved 1048576K
}
Event: 6227.811 GC heap after
{Heap after GC invocations=393 (full 4):
 garbage-first heap   total 524288K, used 89814K [0x0000000701800000, 0x0000000800000000)
  region size 2048K, 2 young (4096K), 2 survivors (4096K)
 Metaspace       used 89914K, committed 90496K, reserved 1130496K
  class space    used 12559K, committed 12928K, reserved 1048576K
}
Event: 6231.162 GC heap before
{Heap before GC invocations=393 (full 4):
 garbage-first heap   total 524288K, used 167638K [0x0000000701800000, 0x0000000800000000)
  region size 2048K, 40 young (81920K), 2 survivors (4096K)
 Metaspace       used 89914K, committed 90496K, reserved 1130496K
  class space    used 12559K, committed 12928K, reserved 1048576K
}
Event: 6231.165 GC heap after
{Heap after GC invocations=394 (full 4):
 garbage-first heap   total 524288K, used 90148K [0x0000000701800000, 0x0000000800000000)
  region size 2048K, 2 young (4096K), 2 survivors (4096K)
 Metaspace       used 89914K, committed 90496K, reserved 1130496K
  class space    used 12559K, committed 12928K, reserved 1048576K
}
Event: 6235.510 GC heap before
{Heap before GC invocations=394 (full 4):
 garbage-first heap   total 524288K, used 167972K [0x0000000701800000, 0x0000000800000000)
  region size 2048K, 40 young (81920K), 2 survivors (4096K)
 Metaspace       used 89939K, committed 90560K, reserved 1130496K
  class space    used 12564K, committed 12928K, reserved 1048576K
}
Event: 6235.513 GC heap after
{Heap after GC invocations=395 (full 4):
 garbage-first heap   total 524288K, used 89326K [0x0000000701800000, 0x0000000800000000)
  region size 2048K, 2 young (4096K), 2 survivors (4096K)
 Metaspace       used 89939K, committed 90560K, reserved 1130496K
  class space    used 12564K, committed 12928K, reserved 1048576K
}
Event: 6242.224 GC heap before
{Heap before GC invocations=395 (full 4):
 garbage-first heap   total 524288K, used 167150K [0x0000000701800000, 0x0000000800000000)
  region size 2048K, 40 young (81920K), 2 survivors (4096K)
 Metaspace       used 90190K, committed 90816K, reserved 1130496K
  class space    used 12606K, committed 12928K, reserved 1048576K
}
Event: 6242.228 GC heap after
{Heap after GC invocations=396 (full 4):
 garbage-first heap   total 524288K, used 89705K [0x0000000701800000, 0x0000000800000000)
  region size 2048K, 2 young (4096K), 2 survivors (4096K)
 Metaspace       used 90190K, committed 90816K, reserved 1130496K
  class space    used 12606K, committed 12928K, reserved 1048576K
}
Event: 6244.097 GC heap before
{Heap before GC invocations=396 (full 4):
 garbage-first heap   total 524288K, used 167529K [0x0000000701800000, 0x0000000800000000)
  region size 2048K, 40 young (81920K), 2 survivors (4096K)
 Metaspace       used 90222K, committed 90816K, reserved 1130496K
  class space    used 12606K, committed 12928K, reserved 1048576K
}
Event: 6244.101 GC heap after
{Heap after GC invocations=397 (full 4):
 garbage-first heap   total 524288K, used 89739K [0x0000000701800000, 0x0000000800000000)
  region size 2048K, 2 young (4096K), 2 survivors (4096K)
 Metaspace       used 90222K, committed 90816K, reserved 1130496K
  class space    used 12606K, committed 12928K, reserved 1048576K
}
Event: 6248.753 GC heap before
{Heap before GC invocations=397 (full 4):
 garbage-first heap   total 524288K, used 167563K [0x0000000701800000, 0x0000000800000000)
  region size 2048K, 40 young (81920K), 2 survivors (4096K)
 Metaspace       used 90298K, committed 90880K, reserved 1130496K
  class space    used 12610K, committed 12928K, reserved 1048576K
}
Event: 6248.759 GC heap after
{Heap after GC invocations=398 (full 4):
 garbage-first heap   total 524288K, used 90104K [0x0000000701800000, 0x0000000800000000)
  region size 2048K, 2 young (4096K), 2 survivors (4096K)
 Metaspace       used 90298K, committed 90880K, reserved 1130496K
  class space    used 12610K, committed 12928K, reserved 1048576K
}
Event: 6254.685 GC heap before
{Heap before GC invocations=398 (full 4):
 garbage-first heap   total 524288K, used 165880K [0x0000000701800000, 0x0000000800000000)
  region size 2048K, 40 young (81920K), 2 survivors (4096K)
 Metaspace       used 90719K, committed 91328K, reserved 1130496K
  class space    used 12654K, committed 12992K, reserved 1048576K
}
Event: 6254.690 GC heap after
{Heap after GC invocations=399 (full 4):
 garbage-first heap   total 524288K, used 93561K [0x0000000701800000, 0x0000000800000000)
  region size 2048K, 4 young (8192K), 4 survivors (8192K)
 Metaspace       used 90719K, committed 91328K, reserved 1130496K
  class space    used 12654K, committed 12992K, reserved 1048576K
}
Event: 6255.939 GC heap before
{Heap before GC invocations=399 (full 4):
 garbage-first heap   total 524288K, used 165241K [0x0000000701800000, 0x0000000800000000)
  region size 2048K, 40 young (81920K), 4 survivors (8192K)
 Metaspace       used 90828K, committed 91456K, reserved 1130496K
  class space    used 12654K, committed 12992K, reserved 1048576K
}
Event: 6255.944 GC heap after
{Heap after GC invocations=400 (full 4):
 garbage-first heap   total 524288K, used 97400K [0x0000000701800000, 0x0000000800000000)
  region size 2048K, 5 young (10240K), 5 survivors (10240K)
 Metaspace       used 90828K, committed 91456K, reserved 1130496K
  class space    used 12654K, committed 12992K, reserved 1048576K
}
Event: 6257.270 GC heap before
{Heap before GC invocations=400 (full 4):
 garbage-first heap   total 524288K, used 169080K [0x0000000701800000, 0x0000000800000000)
  region size 2048K, 40 young (81920K), 5 survivors (10240K)
 Metaspace       used 90906K, committed 91456K, reserved 1130496K
  class space    used 12662K, committed 12992K, reserved 1048576K
}
Event: 6257.275 GC heap after
{Heap after GC invocations=401 (full 4):
 garbage-first heap   total 524288K, used 99287K [0x0000000701800000, 0x0000000800000000)
  region size 2048K, 4 young (8192K), 4 survivors (8192K)
 Metaspace       used 90906K, committed 91456K, reserved 1130496K
  class space    used 12662K, committed 12992K, reserved 1048576K
}
Event: 6261.559 GC heap before
{Heap before GC invocations=401 (full 4):
 garbage-first heap   total 524288K, used 173015K [0x0000000701800000, 0x0000000800000000)
  region size 2048K, 40 young (81920K), 4 survivors (8192K)
 Metaspace       used 90913K, committed 91456K, reserved 1130496K
  class space    used 12663K, committed 12992K, reserved 1048576K
}
Event: 6261.563 GC heap after
{Heap after GC invocations=402 (full 4):
 garbage-first heap   total 524288K, used 98494K [0x0000000701800000, 0x0000000800000000)
  region size 2048K, 2 young (4096K), 2 survivors (4096K)
 Metaspace       used 90913K, committed 91456K, reserved 1130496K
  class space    used 12663K, committed 12992K, reserved 1048576K
}

