20:20:45 **** Build of configuration Debug for project BRAM_TEST ****
make all 
make --no-print-directory pre-build
a9-linaro-pre-build-step
' '
make --no-print-directory main-build
'Building file: ../src/main.c'
'Invoking: ARM v7 gcc compiler'
arm-none-eabi-gcc -Wall -O0 -g3 -c -fmessage-length=0 -MT"src/main.o" -mcpu=cortex-a9 -mfpu=vfpv3 -mfloat-abi=hard -ID:/Programs/Workspace/SmartZYNQ_SP2/PS_BRAM/PS_BRAM.sdk/Top/export/Top/sw/Top/standalone_ps7_cortexa9_0/bspinclude/include -MMD -MP -MF"src/main.d" -MT"src/main.o" -o "src/main.o" "../src/main.c"
../src/main.c:4:10: fatal error: xbram.h: No such file or directory
    4 | #include "xbram.h"
      |          ^~~~~~~~~
compilation terminated.
make[1]: *** [src/subdir.mk:23: src/main.o] Error 1
make: *** [makefile:34: all] Error 2

20:20:45 Build Finished (took 348ms)

